2019-10-31 00:34:29,364 - all - INFO - handle_text_word函数运行时间为0.000000s
2019-10-31 00:34:29,372 - all - INFO - sort_text_list函数运行时间为0.006965s
2019-10-31 00:34:29,921 - all - INFO - get_word_dict函数运行时间为0.540689s
2019-10-31 00:34:29,929 - all - INFO - radix_sort函数运行时间为0.000000s
2019-10-31 00:34:47,620 - all - INFO - handle_text_word函数运行时间为0.000000s
2019-10-31 00:34:47,628 - all - INFO - sort_text_list函数运行时间为0.006966s
2019-10-31 00:34:48,192 - all - INFO - get_word_dict函数运行时间为0.554680s
2019-10-31 00:34:48,202 - all - INFO - radix_sort函数运行时间为0.000000s
2021-02-28 17:15:10,052 - all - INFO - handle_text_word函数运行时间为0.000000s
2021-02-28 17:15:10,054 - all - INFO - sort_text_list函数运行时间为0.001998s
2021-02-28 17:15:10,143 - all - INFO - get_word_dict函数运行时间为0.086998s
2021-02-28 17:15:10,145 - all - INFO - radix_sort函数运行时间为0.000000s
2021-02-28 17:15:20,104 - all - INFO - handle_text_word函数运行时间为0.000000s
2021-02-28 17:15:20,106 - all - INFO - sort_text_list函数运行时间为0.001967s
2021-02-28 17:15:20,195 - all - INFO - get_word_dict函数运行时间为0.086999s
2021-02-28 17:15:20,197 - all - INFO - radix_sort函数运行时间为0.000000s
2021-02-28 22:36:52,853 - all - INFO - handle_text_word函数运行时间为0.000000s
2021-02-28 22:36:52,857 - all - INFO - sort_text_list函数运行时间为0.053512s
2021-02-28 22:36:53,023 - all - INFO - get_word_dict函数运行时间为0.161002s
2021-02-28 22:37:07,711 - all - INFO - radix_sort函数运行时间为0.057971s
2021-02-28 22:37:33,491 - all - INFO - handle_text_word函数运行时间为0.000000s
2021-02-28 22:37:33,494 - all - INFO - sort_text_list函数运行时间为0.008001s
2021-02-28 22:37:33,654 - all - INFO - get_word_dict函数运行时间为0.155965s
2021-02-28 22:37:35,155 - all - INFO - radix_sort函数运行时间为0.005010s
2021-02-28 22:37:43,302 - all - INFO - handle_text_word函数运行时间为0.000000s
2021-02-28 22:37:43,307 - all - INFO - sort_text_list函数运行时间为0.052999s
2021-02-28 22:37:43,443 - all - INFO - get_word_dict函数运行时间为0.132000s
2021-02-28 22:37:57,820 - all - INFO - radix_sort函数运行时间为0.058999s
2021-02-28 23:32:36,124 - all - INFO - handle_text_word函数运行时间为0.000000s
2021-02-28 23:32:36,127 - all - INFO - sort_text_list函数运行时间为0.003952s
2021-02-28 23:32:36,263 - all - INFO - get_word_dict函数运行时间为0.132062s
2021-02-28 23:32:36,266 - all - INFO - radix_sort函数运行时间为0.000000s
2021-02-28 23:32:39,698 - all - INFO - handle_text_word函数运行时间为0.000000s
2021-02-28 23:32:39,702 - all - INFO - sort_text_list函数运行时间为0.003946s
2021-02-28 23:32:39,846 - all - INFO - get_word_dict函数运行时间为0.140048s
2021-02-28 23:32:39,850 - all - INFO - radix_sort函数运行时间为0.000000s
2021-02-28 23:32:44,310 - all - INFO - handle_text_word函数运行时间为0.000000s
2021-02-28 23:32:44,313 - all - INFO - sort_text_list函数运行时间为0.003933s
2021-02-28 23:32:44,449 - all - INFO - get_word_dict函数运行时间为0.132964s
2021-02-28 23:32:44,453 - all - INFO - radix_sort函数运行时间为0.000000s
2021-02-28 23:33:03,343 - all - INFO - handle_text_word函数运行时间为0.000000s
2021-02-28 23:33:03,347 - all - INFO - sort_text_list函数运行时间为0.003960s
2021-02-28 23:33:03,484 - all - INFO - get_word_dict函数运行时间为0.132993s
2021-02-28 23:33:03,487 - all - INFO - radix_sort函数运行时间为0.000000s
2021-02-28 23:33:18,948 - all - INFO - handle_text_word函数运行时间为0.000000s
2021-02-28 23:33:18,950 - all - INFO - sort_text_list函数运行时间为0.003000s
2021-02-28 23:33:19,038 - all - INFO - get_word_dict函数运行时间为0.085003s
2021-02-28 23:33:19,041 - all - INFO - radix_sort函数运行时间为0.000000s
2021-02-28 23:33:22,900 - all - INFO - handle_text_word函数运行时间为0.000000s
2021-02-28 23:33:22,902 - all - INFO - sort_text_list函数运行时间为0.001963s
2021-02-28 23:33:22,989 - all - INFO - get_word_dict函数运行时间为0.085638s
2021-02-28 23:33:22,992 - all - INFO - radix_sort函数运行时间为0.000000s
2021-02-28 23:33:25,364 - all - INFO - handle_text_word函数运行时间为0.000000s
2021-02-28 23:33:25,367 - all - INFO - sort_text_list函数运行时间为0.002043s
2021-02-28 23:33:25,453 - all - INFO - get_word_dict函数运行时间为0.083956s
2021-02-28 23:33:25,456 - all - INFO - radix_sort函数运行时间为0.000000s
2021-03-01 12:53:18,346 - all - INFO - handle_text_word函数运行时间为0.000000s
2021-03-01 12:53:18,348 - all - INFO - sort_text_list函数运行时间为0.002000s
2021-03-01 12:53:18,433 - all - INFO - get_word_dict函数运行时间为0.083044s
2021-03-01 12:53:18,436 - all - INFO - radix_sort函数运行时间为0.000000s
2021-03-01 12:53:32,215 - all - INFO - handle_text_word函数运行时间为0.000000s
2021-03-01 12:53:32,217 - all - INFO - sort_text_list函数运行时间为0.002000s
2021-03-01 12:53:32,304 - all - INFO - get_word_dict函数运行时间为0.084915s
2021-03-01 12:53:32,306 - all - INFO - radix_sort函数运行时间为0.000000s
2021-03-01 12:53:42,538 - all - INFO - handle_text_word函数运行时间为0.000000s
2021-03-01 12:53:42,540 - all - INFO - sort_text_list函数运行时间为0.002000s
2021-03-01 12:53:42,626 - all - INFO - get_word_dict函数运行时间为0.084043s
2021-03-01 12:53:42,628 - all - INFO - radix_sort函数运行时间为0.000000s
2021-03-01 12:53:51,747 - all - INFO - handle_text_word函数运行时间为0.000000s
2021-03-01 12:53:51,749 - all - INFO - sort_text_list函数运行时间为0.002000s
2021-03-01 12:53:51,834 - all - INFO - get_word_dict函数运行时间为0.082956s
2021-03-01 12:53:51,837 - all - INFO - radix_sort函数运行时间为0.000000s
2021-03-01 12:54:06,274 - all - INFO - handle_text_word函数运行时间为0.000000s
2021-03-01 12:54:06,276 - all - INFO - sort_text_list函数运行时间为0.002037s
2021-03-01 12:54:06,364 - all - INFO - get_word_dict函数运行时间为0.085963s
2021-03-01 12:54:06,366 - all - INFO - radix_sort函数运行时间为0.000000s
2021-03-01 12:54:23,022 - all - INFO - handle_text_word函数运行时间为0.000000s
2021-03-01 12:54:23,024 - all - INFO - sort_text_list函数运行时间为0.001912s
2021-03-01 12:54:23,110 - all - INFO - get_word_dict函数运行时间为0.083993s
2021-03-01 12:54:23,112 - all - INFO - radix_sort函数运行时间为0.000000s
2021-03-01 12:58:17,574 - all - INFO - handle_text_word函数运行时间为0.000000s
2021-03-01 12:58:17,578 - all - INFO - sort_text_list函数运行时间为0.003999s
2021-03-01 12:58:17,719 - all - INFO - get_word_dict函数运行时间为0.136998s
2021-03-01 12:58:17,722 - all - INFO - radix_sort函数运行时间为0.000000s
2021-03-01 12:59:53,215 - all - INFO - handle_text_word函数运行时间为0.000000s
2021-03-01 12:59:53,218 - all - INFO - sort_text_list函数运行时间为0.003029s
2021-03-01 12:59:53,352 - all - INFO - get_word_dict函数运行时间为0.130002s
2021-03-01 12:59:53,355 - all - INFO - radix_sort函数运行时间为0.000000s
2021-03-01 13:12:24,413 - all - INFO - handle_text_word函数运行时间为0.000000s
2021-03-01 13:12:24,416 - all - INFO - sort_text_list函数运行时间为0.003037s
2021-03-01 13:12:24,548 - all - INFO - get_word_dict函数运行时间为0.129022s
2021-03-01 13:12:24,552 - all - INFO - radix_sort函数运行时间为0.000000s
2021-03-01 13:12:38,411 - all - INFO - handle_text_word函数运行时间为0.000000s
2021-03-01 13:12:38,414 - all - INFO - sort_text_list函数运行时间为0.004000s
2021-03-01 13:12:38,549 - all - INFO - get_word_dict函数运行时间为0.130998s
2021-03-01 13:12:38,553 - all - INFO - radix_sort函数运行时间为0.001000s
2021-03-01 13:12:46,820 - all - INFO - handle_text_word函数运行时间为0.000000s
2021-03-01 13:12:46,823 - all - INFO - sort_text_list函数运行时间为0.003001s
2021-03-01 13:12:46,982 - all - INFO - get_word_dict函数运行时间为0.154997s
2021-03-01 13:12:47,088 - all - INFO - radix_sort函数运行时间为0.057997s
2021-03-01 13:13:05,136 - all - INFO - handle_text_word函数运行时间为0.000000s
2021-03-01 13:13:05,138 - all - INFO - sort_text_list函数运行时间为0.002000s
2021-03-01 13:13:05,232 - all - INFO - get_word_dict函数运行时间为0.091998s
2021-03-01 13:13:05,877 - all - INFO - radix_sort函数运行时间为0.337001s
2021-03-01 13:13:17,684 - all - INFO - handle_text_word函数运行时间为0.000000s
2021-03-01 13:13:17,686 - all - INFO - sort_text_list函数运行时间为0.004032s
2021-03-01 13:13:17,774 - all - INFO - get_word_dict函数运行时间为0.085093s
2021-03-01 13:13:25,949 - all - INFO - radix_sort函数运行时间为2.502440s
2021-03-01 13:13:43,932 - all - INFO - handle_text_word函数运行时间为0.000000s
2021-03-01 13:13:43,934 - all - INFO - sort_text_list函数运行时间为0.002001s
2021-03-01 13:13:44,034 - all - INFO - get_word_dict函数运行时间为0.096998s
2021-03-01 13:13:44,907 - all - INFO - radix_sort函数运行时间为0.354999s
2021-03-01 13:13:58,992 - all - INFO - handle_text_word函数运行时间为0.000000s
2021-03-01 13:13:58,994 - all - INFO - sort_text_list函数运行时间为0.001998s
2021-03-01 13:13:59,081 - all - INFO - get_word_dict函数运行时间为0.085007s
2021-03-01 13:13:59,634 - all - INFO - radix_sort函数运行时间为0.266181s
2021-03-01 13:14:19,768 - all - INFO - handle_text_word函数运行时间为0.000000s
2021-03-01 13:14:19,770 - all - INFO - sort_text_list函数运行时间为0.002993s
2021-03-01 13:14:19,857 - all - INFO - get_word_dict函数运行时间为0.085080s
2021-03-01 13:14:23,831 - all - INFO - radix_sort函数运行时间为0.284085s
2021-03-01 13:14:51,472 - all - INFO - handle_text_word函数运行时间为0.000000s
2021-03-01 13:14:51,474 - all - INFO - sort_text_list函数运行时间为0.003079s
2021-03-01 13:14:51,561 - all - INFO - get_word_dict函数运行时间为0.084919s
2021-03-01 13:14:58,715 - all - INFO - radix_sort函数运行时间为0.364999s
2021-03-01 13:23:16,623 - all - INFO - handle_text_word函数运行时间为0.000000s
2021-03-01 13:23:16,626 - all - INFO - sort_text_list函数运行时间为0.003000s
2021-03-01 13:23:16,761 - all - INFO - get_word_dict函数运行时间为0.131001s
2021-03-01 13:23:16,765 - all - INFO - radix_sort函数运行时间为0.000000s
2021-03-01 13:23:30,376 - all - INFO - handle_text_word函数运行时间为0.000000s
2021-03-01 13:23:30,379 - all - INFO - sort_text_list函数运行时间为0.003003s
2021-03-01 13:23:30,511 - all - INFO - get_word_dict函数运行时间为0.128991s
2021-03-01 13:23:30,515 - all - INFO - radix_sort函数运行时间为0.000000s
2021-03-02 16:22:50,030 - all - INFO - get_text_spit_list函数运行时间为0.234000s
2021-03-02 16:23:33,882 - all - INFO - get_text_spit_list函数运行时间为0.233995s
2021-03-02 16:24:11,019 - all - INFO - get_text_spit_list函数运行时间为0.241024s
2021-03-02 16:25:14,102 - all - INFO - 分词进程1已切割8个不重复的词
2021-03-02 16:25:20,973 - all - INFO - 分词进程2已切割8个不重复的词
2021-03-02 16:25:22,744 - all - INFO - 分词进程3已切割8个不重复的词
2021-03-02 16:25:46,511 - all - INFO - get_text_spit_list函数运行时间为0.185557s
2021-03-02 16:27:58,705 - all - INFO - get_text_spit_list函数运行时间为0.235998s
2021-03-02 16:28:02,287 - all - INFO - get_word_dict函数运行时间为0.277000s
2021-03-02 16:28:16,534 - all - INFO - 分词进程1已切割8个不重复的词
2021-03-02 16:28:16,602 - all - INFO - 分词进程2已切割8个不重复的词
2021-03-02 16:28:16,636 - all - INFO - 分词进程7已切割8个不重复的词
2021-03-02 16:28:16,658 - all - INFO - 分词进程4已切割8个不重复的词
2021-03-02 16:28:16,720 - all - INFO - 分词进程10已切割8个不重复的词
2021-03-02 16:28:16,724 - all - INFO - 分词进程9已切割8个不重复的词
2021-03-02 16:28:16,735 - all - INFO - 分词进程3已切割8个不重复的词
2021-03-02 16:28:16,736 - all - INFO - 分词进程5已切割8个不重复的词
2021-03-02 16:28:16,820 - all - INFO - 分词进程11已切割8个不重复的词
2021-03-02 16:28:16,824 - all - INFO - 分词进程8已切割8个不重复的词
2021-03-02 16:28:16,830 - all - INFO - 分词进程6已切割8个不重复的词
2021-03-02 16:28:18,582 - all - INFO - multiprocess_split_text_list函数运行时间为19.873153s
2021-03-02 16:28:18,584 - all - INFO - hadle_seged_text_word函数运行时间为0.000000s
2021-03-02 16:28:18,727 - all - INFO - sort_text_list函数运行时间为21.789078s
2021-03-02 16:28:26,124 - all - INFO - radix_sort函数运行时间为2.552099s
2021-03-02 16:36:45,611 - all - INFO - get_text_spit_list函数运行时间为0.182560s
2021-03-02 16:36:48,230 - all - INFO - get_word_dict函数运行时间为0.222509s
2021-03-02 16:37:00,198 - all - INFO - 分词进程1已切割8个不重复的词
2021-03-02 16:37:00,314 - all - INFO - 分词进程9已切割8个不重复的词
2021-03-02 16:37:00,327 - all - INFO - 分词进程5已切割8个不重复的词
2021-03-02 16:37:00,389 - all - INFO - 分词进程3已切割8个不重复的词
2021-03-02 16:37:00,390 - all - INFO - 分词进程10已切割8个不重复的词
2021-03-02 16:37:00,397 - all - INFO - 分词进程2已切割8个不重复的词
2021-03-02 16:37:00,417 - all - INFO - 分词进程4已切割8个不重复的词
2021-03-02 16:37:00,490 - all - INFO - 分词进程11已切割8个不重复的词
2021-03-02 16:37:00,493 - all - INFO - 分词进程6已切割8个不重复的词
2021-03-02 16:37:00,558 - all - INFO - 分词进程7已切割8个不重复的词
2021-03-02 16:37:00,598 - all - INFO - 分词进程8已切割8个不重复的词
2021-03-02 16:37:00,598 - all - INFO - 分词总结果为7个不重复的词
2021-03-02 16:37:02,306 - all - INFO - multiprocess_split_text_list函数运行时间为16.693209s
2021-03-02 16:37:02,308 - all - INFO - hadle_seged_text_word函数运行时间为0.000000s
2021-03-02 16:37:02,448 - all - INFO - sort_text_list函数运行时间为18.033616s
